2025-10-04T13:28:09.646+03:00  INFO 5552 --- [Your Application Name] [main] c.S.F.FullSurveyProjectApplication       : Starting FullSurveyProjectApplication using Java 24.0.1 with PID 5552 (/home/maher/Desktop/JavaFullStackDevelopmentRoad-/2-Back-End/Java Revision /Full Survey Project /FullSurveyProject/target/classes started by maher in /home/maher/Desktop/JavaFullStackDevelopmentRoad-/2-Back-End/Java Revision /Full Survey Project /FullSurveyProject)
2025-10-04T13:28:09.648+03:00  INFO 5552 --- [Your Application Name] [main] c.S.F.FullSurveyProjectApplication       : No active profile set, falling back to 1 default profile: "default"
2025-10-04T13:28:10.461+03:00  INFO 5552 --- [Your Application Name] [main] .s.d.r.c.RepositoryConfigurationDelegate : Bootstrapping Spring Data JPA repositories in DEFAULT mode.
2025-10-04T13:28:10.489+03:00  INFO 5552 --- [Your Application Name] [main] .s.d.r.c.RepositoryConfigurationDelegate : Finished Spring Data repository scanning in 15 ms. Found 0 JPA repository interfaces.
2025-10-04T13:28:11.025+03:00  INFO 5552 --- [Your Application Name] [main] o.s.b.w.embedded.tomcat.TomcatWebServer  : Tomcat initialized with port 8080 (http)
2025-10-04T13:28:11.040+03:00  INFO 5552 --- [Your Application Name] [main] o.apache.catalina.core.StandardService   : Starting service [Tomcat]
2025-10-04T13:28:11.040+03:00  INFO 5552 --- [Your Application Name] [main] o.apache.catalina.core.StandardEngine    : Starting Servlet engine: [Apache Tomcat/10.1.46]
2025-10-04T13:28:11.084+03:00  INFO 5552 --- [Your Application Name] [main] o.a.c.c.C.[Tomcat].[localhost].[/]       : Initializing Spring embedded WebApplicationContext
2025-10-04T13:28:11.085+03:00  INFO 5552 --- [Your Application Name] [main] w.s.c.ServletWebServerApplicationContext : Root WebApplicationContext: initialization completed in 1390 ms
2025-10-04T13:28:11.161+03:00 DEBUG 5552 --- [Your Application Name] [main] com.zaxxer.hikari.HikariConfig           : Class org.postgresql.Driver found in Thread context class loader jdk.internal.loader.ClassLoaders$AppClassLoader@18b4aac2
2025-10-04T13:28:11.225+03:00 DEBUG 5552 --- [Your Application Name] [main] j.LocalContainerEntityManagerFactoryBean : Building JPA container EntityManagerFactory for persistence unit 'default'
2025-10-04T13:28:11.258+03:00  INFO 5552 --- [Your Application Name] [main] o.hibernate.jpa.internal.util.LogHelper  : HHH000204: Processing PersistenceUnitInfo [name: default]
2025-10-04T13:28:11.329+03:00  INFO 5552 --- [Your Application Name] [main] org.hibernate.Version                    : HHH000412: Hibernate ORM core version 6.6.29.Final
2025-10-04T13:28:11.358+03:00  INFO 5552 --- [Your Application Name] [main] o.h.c.internal.RegionFactoryInitiator    : HHH000026: Second-level cache disabled
2025-10-04T13:28:11.630+03:00  INFO 5552 --- [Your Application Name] [main] o.s.o.j.p.SpringPersistenceUnitInfo      : No LoadTimeWeaver setup: ignoring JPA class transformer
2025-10-04T13:28:11.654+03:00 DEBUG 5552 --- [Your Application Name] [main] com.zaxxer.hikari.HikariConfig           : HikariPool-PostgreSQL - configuration:
2025-10-04T13:28:11.657+03:00 DEBUG 5552 --- [Your Application Name] [main] com.zaxxer.hikari.HikariConfig           : allowPoolSuspension.............false
2025-10-04T13:28:11.657+03:00 DEBUG 5552 --- [Your Application Name] [main] com.zaxxer.hikari.HikariConfig           : autoCommit......................true
2025-10-04T13:28:11.658+03:00 DEBUG 5552 --- [Your Application Name] [main] com.zaxxer.hikari.HikariConfig           : catalog.........................none
2025-10-04T13:28:11.658+03:00 DEBUG 5552 --- [Your Application Name] [main] com.zaxxer.hikari.HikariConfig           : connectionInitSql...............none
2025-10-04T13:28:11.658+03:00 DEBUG 5552 --- [Your Application Name] [main] com.zaxxer.hikari.HikariConfig           : connectionTestQuery.............none
2025-10-04T13:28:11.660+03:00 DEBUG 5552 --- [Your Application Name] [main] com.zaxxer.hikari.HikariConfig           : connectionTimeout...............20000
2025-10-04T13:28:11.660+03:00 DEBUG 5552 --- [Your Application Name] [main] com.zaxxer.hikari.HikariConfig           : credentials.....................com.zaxxer.hikari.util.Credentials@407b8435
2025-10-04T13:28:11.660+03:00 DEBUG 5552 --- [Your Application Name] [main] com.zaxxer.hikari.HikariConfig           : dataSource......................none
2025-10-04T13:28:11.661+03:00 DEBUG 5552 --- [Your Application Name] [main] com.zaxxer.hikari.HikariConfig           : dataSourceClassName.............none
2025-10-04T13:28:11.661+03:00 DEBUG 5552 --- [Your Application Name] [main] com.zaxxer.hikari.HikariConfig           : dataSourceJNDI..................none
2025-10-04T13:28:11.662+03:00 DEBUG 5552 --- [Your Application Name] [main] com.zaxxer.hikari.HikariConfig           : dataSourceProperties............{password=<masked>}
2025-10-04T13:28:11.662+03:00 DEBUG 5552 --- [Your Application Name] [main] com.zaxxer.hikari.HikariConfig           : driverClassName................."org.postgresql.Driver"
2025-10-04T13:28:11.662+03:00 DEBUG 5552 --- [Your Application Name] [main] com.zaxxer.hikari.HikariConfig           : exceptionOverride...............none
2025-10-04T13:28:11.662+03:00 DEBUG 5552 --- [Your Application Name] [main] com.zaxxer.hikari.HikariConfig           : exceptionOverrideClassName......none
2025-10-04T13:28:11.663+03:00 DEBUG 5552 --- [Your Application Name] [main] com.zaxxer.hikari.HikariConfig           : healthCheckProperties...........{}
2025-10-04T13:28:11.663+03:00 DEBUG 5552 --- [Your Application Name] [main] com.zaxxer.hikari.HikariConfig           : healthCheckRegistry.............none
2025-10-04T13:28:11.663+03:00 DEBUG 5552 --- [Your Application Name] [main] com.zaxxer.hikari.HikariConfig           : idleTimeout.....................300000
2025-10-04T13:28:11.664+03:00 DEBUG 5552 --- [Your Application Name] [main] com.zaxxer.hikari.HikariConfig           : initializationFailTimeout.......1
2025-10-04T13:28:11.664+03:00 DEBUG 5552 --- [Your Application Name] [main] com.zaxxer.hikari.HikariConfig           : isolateInternalQueries..........false
2025-10-04T13:28:11.664+03:00 DEBUG 5552 --- [Your Application Name] [main] com.zaxxer.hikari.HikariConfig           : jdbcUrl.........................jdbc:postgresql://localhost:5432/FullSurveyProject
2025-10-04T13:28:11.665+03:00 DEBUG 5552 --- [Your Application Name] [main] com.zaxxer.hikari.HikariConfig           : keepaliveTime...................120000
2025-10-04T13:28:11.665+03:00 DEBUG 5552 --- [Your Application Name] [main] com.zaxxer.hikari.HikariConfig           : leakDetectionThreshold..........0
2025-10-04T13:28:11.665+03:00 DEBUG 5552 --- [Your Application Name] [main] com.zaxxer.hikari.HikariConfig           : maxLifetime.....................1200000
2025-10-04T13:28:11.665+03:00 DEBUG 5552 --- [Your Application Name] [main] com.zaxxer.hikari.HikariConfig           : maximumPoolSize.................10
2025-10-04T13:28:11.666+03:00 DEBUG 5552 --- [Your Application Name] [main] com.zaxxer.hikari.HikariConfig           : metricRegistry..................none
2025-10-04T13:28:11.666+03:00 DEBUG 5552 --- [Your Application Name] [main] com.zaxxer.hikari.HikariConfig           : metricsTrackerFactory...........none
2025-10-04T13:28:11.666+03:00 DEBUG 5552 --- [Your Application Name] [main] com.zaxxer.hikari.HikariConfig           : minimumIdle.....................5
2025-10-04T13:28:11.666+03:00 DEBUG 5552 --- [Your Application Name] [main] com.zaxxer.hikari.HikariConfig           : password........................<masked>
2025-10-04T13:28:11.667+03:00 DEBUG 5552 --- [Your Application Name] [main] com.zaxxer.hikari.HikariConfig           : poolName........................"HikariPool-PostgreSQL"
2025-10-04T13:28:11.667+03:00 DEBUG 5552 --- [Your Application Name] [main] com.zaxxer.hikari.HikariConfig           : readOnly........................false
2025-10-04T13:28:11.667+03:00 DEBUG 5552 --- [Your Application Name] [main] com.zaxxer.hikari.HikariConfig           : registerMbeans..................false
2025-10-04T13:28:11.668+03:00 DEBUG 5552 --- [Your Application Name] [main] com.zaxxer.hikari.HikariConfig           : scheduledExecutor...............none
2025-10-04T13:28:11.668+03:00 DEBUG 5552 --- [Your Application Name] [main] com.zaxxer.hikari.HikariConfig           : schema..........................none
2025-10-04T13:28:11.668+03:00 DEBUG 5552 --- [Your Application Name] [main] com.zaxxer.hikari.HikariConfig           : threadFactory...................internal
2025-10-04T13:28:11.668+03:00 DEBUG 5552 --- [Your Application Name] [main] com.zaxxer.hikari.HikariConfig           : transactionIsolation............default
2025-10-04T13:28:11.669+03:00 DEBUG 5552 --- [Your Application Name] [main] com.zaxxer.hikari.HikariConfig           : username........................"postgres"
2025-10-04T13:28:11.669+03:00 DEBUG 5552 --- [Your Application Name] [main] com.zaxxer.hikari.HikariConfig           : validationTimeout...............5000
2025-10-04T13:28:11.669+03:00  INFO 5552 --- [Your Application Name] [main] com.zaxxer.hikari.HikariDataSource       : HikariPool-PostgreSQL - Starting...
2025-10-04T13:28:11.681+03:00 DEBUG 5552 --- [Your Application Name] [main] com.zaxxer.hikari.pool.PoolBase          : HikariPool-PostgreSQL - Attempting to create/setup new connection (d49756ad-b0de-497f-abdf-f8c2e5e581de)
2025-10-04T13:28:12.047+03:00 DEBUG 5552 --- [Your Application Name] [main] com.zaxxer.hikari.pool.PoolBase          : HikariPool-PostgreSQL - Established new connection (d49756ad-b0de-497f-abdf-f8c2e5e581de)
2025-10-04T13:28:12.048+03:00  INFO 5552 --- [Your Application Name] [main] com.zaxxer.hikari.pool.HikariPool        : HikariPool-PostgreSQL - Added connection org.postgresql.jdbc.PgConnection@6cceb281
2025-10-04T13:28:12.049+03:00  INFO 5552 --- [Your Application Name] [main] com.zaxxer.hikari.HikariDataSource       : HikariPool-PostgreSQL - Start completed.
2025-10-04T13:28:12.093+03:00  WARN 5552 --- [Your Application Name] [main] org.hibernate.orm.deprecation            : HHH90000025: PostgreSQLDialect does not need to be specified explicitly using 'hibernate.dialect' (remove the property setting and it will be selected by default)
2025-10-04T13:28:12.110+03:00  INFO 5552 --- [Your Application Name] [main] org.hibernate.orm.connections.pooling    : HHH10001005: Database info:
	Database JDBC URL [Connecting through datasource 'HikariDataSource (HikariPool-PostgreSQL)']
	Database driver: undefined/unknown
	Database version: 17.6
	Autocommit mode: undefined/unknown
	Isolation level: undefined/unknown
	Minimum pool size: undefined/unknown
	Maximum pool size: undefined/unknown
2025-10-04T13:28:12.149+03:00 DEBUG 5552 --- [Your Application Name] [HikariPool-PostgreSQL:housekeeper] com.zaxxer.hikari.pool.HikariPool        : HikariPool-PostgreSQL - Before cleanup stats (total=1/10, idle=1/5, active=0, waiting=0)
2025-10-04T13:28:12.150+03:00 DEBUG 5552 --- [Your Application Name] [HikariPool-PostgreSQL:housekeeper] com.zaxxer.hikari.pool.HikariPool        : HikariPool-PostgreSQL - After  cleanup stats (total=1/10, idle=1/5, active=0, waiting=0)
2025-10-04T13:28:12.151+03:00 DEBUG 5552 --- [Your Application Name] [HikariPool-PostgreSQL:connection-adder] com.zaxxer.hikari.pool.PoolBase          : HikariPool-PostgreSQL - Attempting to create/setup new connection (9e6c902d-1a47-488c-837d-ecf5e51e20a0)
2025-10-04T13:28:12.201+03:00 DEBUG 5552 --- [Your Application Name] [HikariPool-PostgreSQL:connection-adder] com.zaxxer.hikari.pool.PoolBase          : HikariPool-PostgreSQL - Established new connection (9e6c902d-1a47-488c-837d-ecf5e51e20a0)
2025-10-04T13:28:12.201+03:00 DEBUG 5552 --- [Your Application Name] [HikariPool-PostgreSQL:connection-adder] com.zaxxer.hikari.pool.HikariPool        : HikariPool-PostgreSQL - Added connection org.postgresql.jdbc.PgConnection@9cd1e16
2025-10-04T13:28:12.232+03:00 DEBUG 5552 --- [Your Application Name] [HikariPool-PostgreSQL:connection-adder] com.zaxxer.hikari.pool.HikariPool        : HikariPool-PostgreSQL - After adding stats (total=2/10, idle=2/5, active=0, waiting=0)
2025-10-04T13:28:12.232+03:00 DEBUG 5552 --- [Your Application Name] [HikariPool-PostgreSQL:connection-adder] com.zaxxer.hikari.pool.PoolBase          : HikariPool-PostgreSQL - Attempting to create/setup new connection (1afb9983-c7e1-4919-855c-c4a85091f275)
2025-10-04T13:28:12.269+03:00 DEBUG 5552 --- [Your Application Name] [HikariPool-PostgreSQL:connection-adder] com.zaxxer.hikari.pool.PoolBase          : HikariPool-PostgreSQL - Established new connection (1afb9983-c7e1-4919-855c-c4a85091f275)
2025-10-04T13:28:12.270+03:00 DEBUG 5552 --- [Your Application Name] [HikariPool-PostgreSQL:connection-adder] com.zaxxer.hikari.pool.HikariPool        : HikariPool-PostgreSQL - Added connection org.postgresql.jdbc.PgConnection@70ae15f
2025-10-04T13:28:12.303+03:00 DEBUG 5552 --- [Your Application Name] [HikariPool-PostgreSQL:connection-adder] com.zaxxer.hikari.pool.HikariPool        : HikariPool-PostgreSQL - After adding stats (total=3/10, idle=3/5, active=0, waiting=0)
2025-10-04T13:28:12.303+03:00 DEBUG 5552 --- [Your Application Name] [HikariPool-PostgreSQL:connection-adder] com.zaxxer.hikari.pool.PoolBase          : HikariPool-PostgreSQL - Attempting to create/setup new connection (2e9a95a0-d200-4327-919d-13218df2f832)
2025-10-04T13:28:12.344+03:00 DEBUG 5552 --- [Your Application Name] [HikariPool-PostgreSQL:connection-adder] com.zaxxer.hikari.pool.PoolBase          : HikariPool-PostgreSQL - Established new connection (2e9a95a0-d200-4327-919d-13218df2f832)
2025-10-04T13:28:12.345+03:00 DEBUG 5552 --- [Your Application Name] [HikariPool-PostgreSQL:connection-adder] com.zaxxer.hikari.pool.HikariPool        : HikariPool-PostgreSQL - Added connection org.postgresql.jdbc.PgConnection@3357566
2025-10-04T13:28:12.375+03:00 DEBUG 5552 --- [Your Application Name] [HikariPool-PostgreSQL:connection-adder] com.zaxxer.hikari.pool.HikariPool        : HikariPool-PostgreSQL - After adding stats (total=4/10, idle=4/5, active=0, waiting=0)
2025-10-04T13:28:12.375+03:00 DEBUG 5552 --- [Your Application Name] [HikariPool-PostgreSQL:connection-adder] com.zaxxer.hikari.pool.PoolBase          : HikariPool-PostgreSQL - Attempting to create/setup new connection (1457a33d-db0c-43b7-abb1-60302d8dd717)
2025-10-04T13:28:12.400+03:00 DEBUG 5552 --- [Your Application Name] [HikariPool-PostgreSQL:connection-adder] com.zaxxer.hikari.pool.PoolBase          : HikariPool-PostgreSQL - Established new connection (1457a33d-db0c-43b7-abb1-60302d8dd717)
2025-10-04T13:28:12.400+03:00 DEBUG 5552 --- [Your Application Name] [HikariPool-PostgreSQL:connection-adder] com.zaxxer.hikari.pool.HikariPool        : HikariPool-PostgreSQL - Added connection org.postgresql.jdbc.PgConnection@4637eb64
2025-10-04T13:28:12.431+03:00 DEBUG 5552 --- [Your Application Name] [HikariPool-PostgreSQL:connection-adder] com.zaxxer.hikari.pool.HikariPool        : HikariPool-PostgreSQL - After adding stats (total=5/10, idle=5/5, active=0, waiting=0)
2025-10-04T13:28:12.451+03:00  INFO 5552 --- [Your Application Name] [main] o.h.e.t.j.p.i.JtaPlatformInitiator       : HHH000489: No JTA platform available (set 'hibernate.transaction.jta.platform' to enable JTA platform integration)
2025-10-04T13:28:12.455+03:00  INFO 5552 --- [Your Application Name] [main] j.LocalContainerEntityManagerFactoryBean : Initialized JPA EntityManagerFactory for persistence unit 'default'
2025-10-04T13:28:12.533+03:00  WARN 5552 --- [Your Application Name] [main] JpaBaseConfiguration$JpaWebConfiguration : spring.jpa.open-in-view is enabled by default. Therefore, database queries may be performed during view rendering. Explicitly configure spring.jpa.open-in-view to disable this warning
2025-10-04T13:28:12.974+03:00  INFO 5552 --- [Your Application Name] [main] o.s.b.w.embedded.tomcat.TomcatWebServer  : Tomcat started on port 8080 (http) with context path '/'
2025-10-04T13:28:12.986+03:00  INFO 5552 --- [Your Application Name] [main] c.S.F.FullSurveyProjectApplication       : Started FullSurveyProjectApplication in 4.045 seconds (process running for 4.642)
2025-10-04T13:28:42.151+03:00 DEBUG 5552 --- [Your Application Name] [HikariPool-PostgreSQL:housekeeper] com.zaxxer.hikari.pool.HikariPool        : HikariPool-PostgreSQL - Before cleanup stats (total=5/10, idle=5/5, active=0, waiting=0)
2025-10-04T13:28:42.151+03:00 DEBUG 5552 --- [Your Application Name] [HikariPool-PostgreSQL:housekeeper] com.zaxxer.hikari.pool.HikariPool        : HikariPool-PostgreSQL - After  cleanup stats (total=5/10, idle=5/5, active=0, waiting=0)
2025-10-04T13:28:42.151+03:00 DEBUG 5552 --- [Your Application Name] [HikariPool-PostgreSQL:housekeeper] com.zaxxer.hikari.pool.HikariPool        : HikariPool-PostgreSQL - Fill pool skipped, pool has sufficient level or currently being filled.
2025-10-04T13:29:12.152+03:00 DEBUG 5552 --- [Your Application Name] [HikariPool-PostgreSQL:housekeeper] com.zaxxer.hikari.pool.HikariPool        : HikariPool-PostgreSQL - Before cleanup stats (total=5/10, idle=5/5, active=0, waiting=0)
2025-10-04T13:29:12.152+03:00 DEBUG 5552 --- [Your Application Name] [HikariPool-PostgreSQL:housekeeper] com.zaxxer.hikari.pool.HikariPool        : HikariPool-PostgreSQL - After  cleanup stats (total=5/10, idle=5/5, active=0, waiting=0)
2025-10-04T13:29:12.152+03:00 DEBUG 5552 --- [Your Application Name] [HikariPool-PostgreSQL:housekeeper] com.zaxxer.hikari.pool.HikariPool        : HikariPool-PostgreSQL - Fill pool skipped, pool has sufficient level or currently being filled.
2025-10-04T13:29:42.152+03:00 DEBUG 5552 --- [Your Application Name] [HikariPool-PostgreSQL:housekeeper] com.zaxxer.hikari.pool.HikariPool        : HikariPool-PostgreSQL - Before cleanup stats (total=5/10, idle=5/5, active=0, waiting=0)
2025-10-04T13:29:42.153+03:00 DEBUG 5552 --- [Your Application Name] [HikariPool-PostgreSQL:housekeeper] com.zaxxer.hikari.pool.HikariPool        : HikariPool-PostgreSQL - After  cleanup stats (total=5/10, idle=5/5, active=0, waiting=0)
2025-10-04T13:29:42.153+03:00 DEBUG 5552 --- [Your Application Name] [HikariPool-PostgreSQL:housekeeper] com.zaxxer.hikari.pool.HikariPool        : HikariPool-PostgreSQL - Fill pool skipped, pool has sufficient level or currently being filled.
2025-10-04T13:29:51.880+03:00  INFO 5552 --- [Your Application Name] [SpringApplicationShutdownHook] o.s.b.w.e.tomcat.GracefulShutdown        : Commencing graceful shutdown. Waiting for active requests to complete
2025-10-04T13:29:51.883+03:00  INFO 5552 --- [Your Application Name] [tomcat-shutdown] o.s.b.w.e.tomcat.GracefulShutdown        : Graceful shutdown complete
2025-10-04T13:29:51.887+03:00  INFO 5552 --- [Your Application Name] [SpringApplicationShutdownHook] j.LocalContainerEntityManagerFactoryBean : Closing JPA EntityManagerFactory for persistence unit 'default'
2025-10-04T13:29:51.890+03:00  INFO 5552 --- [Your Application Name] [SpringApplicationShutdownHook] com.zaxxer.hikari.HikariDataSource       : HikariPool-PostgreSQL - Shutdown initiated...
2025-10-04T13:29:51.890+03:00 DEBUG 5552 --- [Your Application Name] [SpringApplicationShutdownHook] com.zaxxer.hikari.pool.HikariPool        : HikariPool-PostgreSQL - Before shutdown stats (total=5/10, idle=5/5, active=0, waiting=0)
2025-10-04T13:29:51.891+03:00 DEBUG 5552 --- [Your Application Name] [HikariPool-PostgreSQL:connection-closer] com.zaxxer.hikari.pool.PoolBase          : HikariPool-PostgreSQL - Closing connection org.postgresql.jdbc.PgConnection@6cceb281: (connection evicted)
2025-10-04T13:29:51.893+03:00 DEBUG 5552 --- [Your Application Name] [HikariPool-PostgreSQL:connection-closer] com.zaxxer.hikari.pool.PoolBase          : HikariPool-PostgreSQL - Closing connection org.postgresql.jdbc.PgConnection@9cd1e16: (connection evicted)
2025-10-04T13:29:51.893+03:00 DEBUG 5552 --- [Your Application Name] [HikariPool-PostgreSQL:connection-closer] com.zaxxer.hikari.pool.PoolBase          : HikariPool-PostgreSQL - Closing connection org.postgresql.jdbc.PgConnection@70ae15f: (connection evicted)
2025-10-04T13:29:51.896+03:00 DEBUG 5552 --- [Your Application Name] [HikariPool-PostgreSQL:connection-closer] com.zaxxer.hikari.pool.PoolBase          : HikariPool-PostgreSQL - Closing connection org.postgresql.jdbc.PgConnection@3357566: (connection evicted)
2025-10-04T13:29:51.897+03:00 DEBUG 5552 --- [Your Application Name] [HikariPool-PostgreSQL:connection-closer] com.zaxxer.hikari.pool.PoolBase          : HikariPool-PostgreSQL - Closing connection org.postgresql.jdbc.PgConnection@4637eb64: (connection evicted)
2025-10-04T13:29:51.897+03:00 DEBUG 5552 --- [Your Application Name] [SpringApplicationShutdownHook] com.zaxxer.hikari.pool.HikariPool        : HikariPool-PostgreSQL - After  shutdown stats (total=0/10, idle=0/5, active=0, waiting=0)
2025-10-04T13:29:51.897+03:00  INFO 5552 --- [Your Application Name] [SpringApplicationShutdownHook] com.zaxxer.hikari.HikariDataSource       : HikariPool-PostgreSQL - Shutdown completed.
2025-10-04T13:33:25.825+03:00  INFO 6131 --- [Your Application Name] [main] c.S.F.FullSurveyProjectApplication       : Starting FullSurveyProjectApplication using Java 24.0.1 with PID 6131 (/home/maher/Desktop/JavaFullStackDevelopmentRoad-/2-Back-End/Java Revision /Full Survey Project /FullSurveyProject/target/classes started by maher in /home/maher/Desktop/JavaFullStackDevelopmentRoad-/2-Back-End/Java Revision /Full Survey Project /FullSurveyProject)
2025-10-04T13:33:25.830+03:00  INFO 6131 --- [Your Application Name] [main] c.S.F.FullSurveyProjectApplication       : No active profile set, falling back to 1 default profile: "default"
2025-10-04T13:33:26.856+03:00  INFO 6131 --- [Your Application Name] [main] .s.d.r.c.RepositoryConfigurationDelegate : Bootstrapping Spring Data JPA repositories in DEFAULT mode.
2025-10-04T13:33:26.937+03:00  INFO 6131 --- [Your Application Name] [main] .s.d.r.c.RepositoryConfigurationDelegate : Finished Spring Data repository scanning in 66 ms. Found 1 JPA repository interface.
2025-10-04T13:33:27.629+03:00  INFO 6131 --- [Your Application Name] [main] o.s.b.w.embedded.tomcat.TomcatWebServer  : Tomcat initialized with port 8080 (http)
2025-10-04T13:33:27.655+03:00  INFO 6131 --- [Your Application Name] [main] o.apache.catalina.core.StandardService   : Starting service [Tomcat]
2025-10-04T13:33:27.655+03:00  INFO 6131 --- [Your Application Name] [main] o.apache.catalina.core.StandardEngine    : Starting Servlet engine: [Apache Tomcat/10.1.46]
2025-10-04T13:33:27.722+03:00  INFO 6131 --- [Your Application Name] [main] o.a.c.c.C.[Tomcat].[localhost].[/]       : Initializing Spring embedded WebApplicationContext
2025-10-04T13:33:27.723+03:00  INFO 6131 --- [Your Application Name] [main] w.s.c.ServletWebServerApplicationContext : Root WebApplicationContext: initialization completed in 1794 ms
2025-10-04T13:33:27.828+03:00 DEBUG 6131 --- [Your Application Name] [main] com.zaxxer.hikari.HikariConfig           : Class org.postgresql.Driver found in Thread context class loader jdk.internal.loader.ClassLoaders$AppClassLoader@18b4aac2
2025-10-04T13:33:27.895+03:00 DEBUG 6131 --- [Your Application Name] [main] j.LocalContainerEntityManagerFactoryBean : Building JPA container EntityManagerFactory for persistence unit 'default'
2025-10-04T13:33:27.913+03:00  INFO 6131 --- [Your Application Name] [main] o.hibernate.jpa.internal.util.LogHelper  : HHH000204: Processing PersistenceUnitInfo [name: default]
2025-10-04T13:33:27.948+03:00  INFO 6131 --- [Your Application Name] [main] org.hibernate.Version                    : HHH000412: Hibernate ORM core version 6.6.29.Final
2025-10-04T13:33:27.975+03:00  INFO 6131 --- [Your Application Name] [main] o.h.c.internal.RegionFactoryInitiator    : HHH000026: Second-level cache disabled
2025-10-04T13:33:28.229+03:00  INFO 6131 --- [Your Application Name] [main] o.s.o.j.p.SpringPersistenceUnitInfo      : No LoadTimeWeaver setup: ignoring JPA class transformer
2025-10-04T13:33:28.255+03:00 DEBUG 6131 --- [Your Application Name] [main] com.zaxxer.hikari.HikariConfig           : HikariPool-PostgreSQL - configuration:
2025-10-04T13:33:28.258+03:00 DEBUG 6131 --- [Your Application Name] [main] com.zaxxer.hikari.HikariConfig           : allowPoolSuspension.............false
2025-10-04T13:33:28.258+03:00 DEBUG 6131 --- [Your Application Name] [main] com.zaxxer.hikari.HikariConfig           : autoCommit......................true
2025-10-04T13:33:28.258+03:00 DEBUG 6131 --- [Your Application Name] [main] com.zaxxer.hikari.HikariConfig           : catalog.........................none
2025-10-04T13:33:28.259+03:00 DEBUG 6131 --- [Your Application Name] [main] com.zaxxer.hikari.HikariConfig           : connectionInitSql...............none
2025-10-04T13:33:28.259+03:00 DEBUG 6131 --- [Your Application Name] [main] com.zaxxer.hikari.HikariConfig           : connectionTestQuery.............none
2025-10-04T13:33:28.260+03:00 DEBUG 6131 --- [Your Application Name] [main] com.zaxxer.hikari.HikariConfig           : connectionTimeout...............20000
2025-10-04T13:33:28.261+03:00 DEBUG 6131 --- [Your Application Name] [main] com.zaxxer.hikari.HikariConfig           : credentials.....................com.zaxxer.hikari.util.Credentials@733f1395
2025-10-04T13:33:28.261+03:00 DEBUG 6131 --- [Your Application Name] [main] com.zaxxer.hikari.HikariConfig           : dataSource......................none
2025-10-04T13:33:28.261+03:00 DEBUG 6131 --- [Your Application Name] [main] com.zaxxer.hikari.HikariConfig           : dataSourceClassName.............none
2025-10-04T13:33:28.261+03:00 DEBUG 6131 --- [Your Application Name] [main] com.zaxxer.hikari.HikariConfig           : dataSourceJNDI..................none
2025-10-04T13:33:28.262+03:00 DEBUG 6131 --- [Your Application Name] [main] com.zaxxer.hikari.HikariConfig           : dataSourceProperties............{password=<masked>}
2025-10-04T13:33:28.263+03:00 DEBUG 6131 --- [Your Application Name] [main] com.zaxxer.hikari.HikariConfig           : driverClassName................."org.postgresql.Driver"
2025-10-04T13:33:28.263+03:00 DEBUG 6131 --- [Your Application Name] [main] com.zaxxer.hikari.HikariConfig           : exceptionOverride...............none
2025-10-04T13:33:28.263+03:00 DEBUG 6131 --- [Your Application Name] [main] com.zaxxer.hikari.HikariConfig           : exceptionOverrideClassName......none
2025-10-04T13:33:28.264+03:00 DEBUG 6131 --- [Your Application Name] [main] com.zaxxer.hikari.HikariConfig           : healthCheckProperties...........{}
2025-10-04T13:33:28.264+03:00 DEBUG 6131 --- [Your Application Name] [main] com.zaxxer.hikari.HikariConfig           : healthCheckRegistry.............none
2025-10-04T13:33:28.264+03:00 DEBUG 6131 --- [Your Application Name] [main] com.zaxxer.hikari.HikariConfig           : idleTimeout.....................300000
2025-10-04T13:33:28.264+03:00 DEBUG 6131 --- [Your Application Name] [main] com.zaxxer.hikari.HikariConfig           : initializationFailTimeout.......1
2025-10-04T13:33:28.265+03:00 DEBUG 6131 --- [Your Application Name] [main] com.zaxxer.hikari.HikariConfig           : isolateInternalQueries..........false
2025-10-04T13:33:28.265+03:00 DEBUG 6131 --- [Your Application Name] [main] com.zaxxer.hikari.HikariConfig           : jdbcUrl.........................jdbc:postgresql://localhost:5432/FullSurveyProject
2025-10-04T13:33:28.265+03:00 DEBUG 6131 --- [Your Application Name] [main] com.zaxxer.hikari.HikariConfig           : keepaliveTime...................120000
2025-10-04T13:33:28.266+03:00 DEBUG 6131 --- [Your Application Name] [main] com.zaxxer.hikari.HikariConfig           : leakDetectionThreshold..........0
2025-10-04T13:33:28.266+03:00 DEBUG 6131 --- [Your Application Name] [main] com.zaxxer.hikari.HikariConfig           : maxLifetime.....................1200000
2025-10-04T13:33:28.266+03:00 DEBUG 6131 --- [Your Application Name] [main] com.zaxxer.hikari.HikariConfig           : maximumPoolSize.................10
2025-10-04T13:33:28.266+03:00 DEBUG 6131 --- [Your Application Name] [main] com.zaxxer.hikari.HikariConfig           : metricRegistry..................none
2025-10-04T13:33:28.267+03:00 DEBUG 6131 --- [Your Application Name] [main] com.zaxxer.hikari.HikariConfig           : metricsTrackerFactory...........none
2025-10-04T13:33:28.267+03:00 DEBUG 6131 --- [Your Application Name] [main] com.zaxxer.hikari.HikariConfig           : minimumIdle.....................5
2025-10-04T13:33:28.267+03:00 DEBUG 6131 --- [Your Application Name] [main] com.zaxxer.hikari.HikariConfig           : password........................<masked>
2025-10-04T13:33:28.267+03:00 DEBUG 6131 --- [Your Application Name] [main] com.zaxxer.hikari.HikariConfig           : poolName........................"HikariPool-PostgreSQL"
2025-10-04T13:33:28.268+03:00 DEBUG 6131 --- [Your Application Name] [main] com.zaxxer.hikari.HikariConfig           : readOnly........................false
2025-10-04T13:33:28.268+03:00 DEBUG 6131 --- [Your Application Name] [main] com.zaxxer.hikari.HikariConfig           : registerMbeans..................false
2025-10-04T13:33:28.268+03:00 DEBUG 6131 --- [Your Application Name] [main] com.zaxxer.hikari.HikariConfig           : scheduledExecutor...............none
2025-10-04T13:33:28.269+03:00 DEBUG 6131 --- [Your Application Name] [main] com.zaxxer.hikari.HikariConfig           : schema..........................none
2025-10-04T13:33:28.269+03:00 DEBUG 6131 --- [Your Application Name] [main] com.zaxxer.hikari.HikariConfig           : threadFactory...................internal
2025-10-04T13:33:28.269+03:00 DEBUG 6131 --- [Your Application Name] [main] com.zaxxer.hikari.HikariConfig           : transactionIsolation............default
2025-10-04T13:33:28.269+03:00 DEBUG 6131 --- [Your Application Name] [main] com.zaxxer.hikari.HikariConfig           : username........................"postgres"
2025-10-04T13:33:28.270+03:00 DEBUG 6131 --- [Your Application Name] [main] com.zaxxer.hikari.HikariConfig           : validationTimeout...............5000
2025-10-04T13:33:28.270+03:00  INFO 6131 --- [Your Application Name] [main] com.zaxxer.hikari.HikariDataSource       : HikariPool-PostgreSQL - Starting...
2025-10-04T13:33:28.281+03:00 DEBUG 6131 --- [Your Application Name] [main] com.zaxxer.hikari.pool.PoolBase          : HikariPool-PostgreSQL - Attempting to create/setup new connection (c381b5e1-2684-4452-acf1-bf9b21d40253)
2025-10-04T13:33:28.677+03:00 DEBUG 6131 --- [Your Application Name] [main] com.zaxxer.hikari.pool.PoolBase          : HikariPool-PostgreSQL - Established new connection (c381b5e1-2684-4452-acf1-bf9b21d40253)
2025-10-04T13:33:28.678+03:00  INFO 6131 --- [Your Application Name] [main] com.zaxxer.hikari.pool.HikariPool        : HikariPool-PostgreSQL - Added connection org.postgresql.jdbc.PgConnection@7cd1ec54
2025-10-04T13:33:28.679+03:00  INFO 6131 --- [Your Application Name] [main] com.zaxxer.hikari.HikariDataSource       : HikariPool-PostgreSQL - Start completed.
2025-10-04T13:33:28.705+03:00  WARN 6131 --- [Your Application Name] [main] org.hibernate.orm.deprecation            : HHH90000025: PostgreSQLDialect does not need to be specified explicitly using 'hibernate.dialect' (remove the property setting and it will be selected by default)
2025-10-04T13:33:28.722+03:00  INFO 6131 --- [Your Application Name] [main] org.hibernate.orm.connections.pooling    : HHH10001005: Database info:
	Database JDBC URL [Connecting through datasource 'HikariDataSource (HikariPool-PostgreSQL)']
	Database driver: undefined/unknown
	Database version: 17.6
	Autocommit mode: undefined/unknown
	Isolation level: undefined/unknown
	Minimum pool size: undefined/unknown
	Maximum pool size: undefined/unknown
2025-10-04T13:33:28.779+03:00 DEBUG 6131 --- [Your Application Name] [HikariPool-PostgreSQL:housekeeper] com.zaxxer.hikari.pool.HikariPool        : HikariPool-PostgreSQL - Before cleanup stats (total=1/10, idle=1/5, active=0, waiting=0)
2025-10-04T13:33:28.780+03:00 DEBUG 6131 --- [Your Application Name] [HikariPool-PostgreSQL:housekeeper] com.zaxxer.hikari.pool.HikariPool        : HikariPool-PostgreSQL - After  cleanup stats (total=1/10, idle=1/5, active=0, waiting=0)
2025-10-04T13:33:28.781+03:00 DEBUG 6131 --- [Your Application Name] [HikariPool-PostgreSQL:connection-adder] com.zaxxer.hikari.pool.PoolBase          : HikariPool-PostgreSQL - Attempting to create/setup new connection (43ff89cd-61dd-4b6a-9220-6f8d881e365c)
2025-10-04T13:33:28.830+03:00 DEBUG 6131 --- [Your Application Name] [HikariPool-PostgreSQL:connection-adder] com.zaxxer.hikari.pool.PoolBase          : HikariPool-PostgreSQL - Established new connection (43ff89cd-61dd-4b6a-9220-6f8d881e365c)
2025-10-04T13:33:28.830+03:00 DEBUG 6131 --- [Your Application Name] [HikariPool-PostgreSQL:connection-adder] com.zaxxer.hikari.pool.HikariPool        : HikariPool-PostgreSQL - Added connection org.postgresql.jdbc.PgConnection@79bfb06c
2025-10-04T13:33:28.860+03:00 DEBUG 6131 --- [Your Application Name] [HikariPool-PostgreSQL:connection-adder] com.zaxxer.hikari.pool.HikariPool        : HikariPool-PostgreSQL - After adding stats (total=2/10, idle=2/5, active=0, waiting=0)
2025-10-04T13:33:28.861+03:00 DEBUG 6131 --- [Your Application Name] [HikariPool-PostgreSQL:connection-adder] com.zaxxer.hikari.pool.PoolBase          : HikariPool-PostgreSQL - Attempting to create/setup new connection (e57863d2-8a91-4d78-ae69-f86f99fefa2f)
2025-10-04T13:33:28.893+03:00 DEBUG 6131 --- [Your Application Name] [HikariPool-PostgreSQL:connection-adder] com.zaxxer.hikari.pool.PoolBase          : HikariPool-PostgreSQL - Established new connection (e57863d2-8a91-4d78-ae69-f86f99fefa2f)
2025-10-04T13:33:28.893+03:00 DEBUG 6131 --- [Your Application Name] [HikariPool-PostgreSQL:connection-adder] com.zaxxer.hikari.pool.HikariPool        : HikariPool-PostgreSQL - Added connection org.postgresql.jdbc.PgConnection@7778412b
2025-10-04T13:33:28.923+03:00 DEBUG 6131 --- [Your Application Name] [HikariPool-PostgreSQL:connection-adder] com.zaxxer.hikari.pool.HikariPool        : HikariPool-PostgreSQL - After adding stats (total=3/10, idle=3/5, active=0, waiting=0)
2025-10-04T13:33:28.924+03:00 DEBUG 6131 --- [Your Application Name] [HikariPool-PostgreSQL:connection-adder] com.zaxxer.hikari.pool.PoolBase          : HikariPool-PostgreSQL - Attempting to create/setup new connection (a244f8b4-cd7e-48ec-bb29-2b46915c5452)
2025-10-04T13:33:28.972+03:00 DEBUG 6131 --- [Your Application Name] [HikariPool-PostgreSQL:connection-adder] com.zaxxer.hikari.pool.PoolBase          : HikariPool-PostgreSQL - Established new connection (a244f8b4-cd7e-48ec-bb29-2b46915c5452)
2025-10-04T13:33:28.972+03:00 DEBUG 6131 --- [Your Application Name] [HikariPool-PostgreSQL:connection-adder] com.zaxxer.hikari.pool.HikariPool        : HikariPool-PostgreSQL - Added connection org.postgresql.jdbc.PgConnection@7347db1c
2025-10-04T13:33:29.003+03:00 DEBUG 6131 --- [Your Application Name] [HikariPool-PostgreSQL:connection-adder] com.zaxxer.hikari.pool.HikariPool        : HikariPool-PostgreSQL - After adding stats (total=4/10, idle=4/5, active=0, waiting=0)
2025-10-04T13:33:29.003+03:00 DEBUG 6131 --- [Your Application Name] [HikariPool-PostgreSQL:connection-adder] com.zaxxer.hikari.pool.PoolBase          : HikariPool-PostgreSQL - Attempting to create/setup new connection (911e1326-bab9-4f0b-9804-bc544b54ecd4)
2025-10-04T13:33:29.035+03:00 DEBUG 6131 --- [Your Application Name] [HikariPool-PostgreSQL:connection-adder] com.zaxxer.hikari.pool.PoolBase          : HikariPool-PostgreSQL - Established new connection (911e1326-bab9-4f0b-9804-bc544b54ecd4)
2025-10-04T13:33:29.036+03:00 DEBUG 6131 --- [Your Application Name] [HikariPool-PostgreSQL:connection-adder] com.zaxxer.hikari.pool.HikariPool        : HikariPool-PostgreSQL - Added connection org.postgresql.jdbc.PgConnection@36454b10
2025-10-04T13:33:29.066+03:00 DEBUG 6131 --- [Your Application Name] [HikariPool-PostgreSQL:connection-adder] com.zaxxer.hikari.pool.HikariPool        : HikariPool-PostgreSQL - After adding stats (total=5/10, idle=5/5, active=0, waiting=0)
2025-10-04T13:33:29.549+03:00  INFO 6131 --- [Your Application Name] [main] o.h.e.t.j.p.i.JtaPlatformInitiator       : HHH000489: No JTA platform available (set 'hibernate.transaction.jta.platform' to enable JTA platform integration)
2025-10-04T13:33:29.807+03:00 DEBUG 6131 --- [Your Application Name] [main] org.hibernate.SQL                        : 
    create table users_data (
        id integer not null,
        email varchar(255) not null,
        Image oid,
        ImageName varchar(255),
        Size integer,
        name varchar(255) not null,
        password varchar(255) not null,
        primary key (id)
    )
2025-10-04T13:33:30.037+03:00 DEBUG 6131 --- [Your Application Name] [main] org.hibernate.SQL                        : 
    create index idx_id 
       on users_data (id)
2025-10-04T13:33:30.053+03:00 DEBUG 6131 --- [Your Application Name] [main] org.hibernate.SQL                        : 
    create index idx_username 
       on users_data (name)
2025-10-04T13:33:30.101+03:00 DEBUG 6131 --- [Your Application Name] [main] org.hibernate.SQL                        : 
    create index idx_email 
       on users_data (email)
2025-10-04T13:33:30.119+03:00 DEBUG 6131 --- [Your Application Name] [main] org.hibernate.SQL                        : 
    alter table if exists users_data 
       drop constraint if exists UKcbxrmyflxcu59hd7wk5ljwtkn
2025-10-04T13:33:30.180+03:00  WARN 6131 --- [Your Application Name] [main] o.h.engine.jdbc.spi.SqlExceptionHelper   : SQL Warning Code: 0, SQLState: 00000
2025-10-04T13:33:30.180+03:00  WARN 6131 --- [Your Application Name] [main] o.h.engine.jdbc.spi.SqlExceptionHelper   : constraint "ukcbxrmyflxcu59hd7wk5ljwtkn" of relation "users_data" does not exist, skipping
2025-10-04T13:33:30.181+03:00 DEBUG 6131 --- [Your Application Name] [main] org.hibernate.SQL                        : 
    alter table if exists users_data 
       add constraint UKcbxrmyflxcu59hd7wk5ljwtkn unique (email)
2025-10-04T13:33:30.200+03:00 DEBUG 6131 --- [Your Application Name] [main] org.hibernate.SQL                        : 
    create sequence users_sequence start with 1 increment by 1
2025-10-04T13:33:30.217+03:00  INFO 6131 --- [Your Application Name] [main] j.LocalContainerEntityManagerFactoryBean : Initialized JPA EntityManagerFactory for persistence unit 'default'
2025-10-04T13:33:30.340+03:00  WARN 6131 --- [Your Application Name] [main] JpaBaseConfiguration$JpaWebConfiguration : spring.jpa.open-in-view is enabled by default. Therefore, database queries may be performed during view rendering. Explicitly configure spring.jpa.open-in-view to disable this warning
2025-10-04T13:33:30.865+03:00  INFO 6131 --- [Your Application Name] [main] o.s.b.w.embedded.tomcat.TomcatWebServer  : Tomcat started on port 8080 (http) with context path '/'
2025-10-04T13:33:30.876+03:00  INFO 6131 --- [Your Application Name] [main] c.S.F.FullSurveyProjectApplication       : Started FullSurveyProjectApplication in 5.778 seconds (process running for 6.198)
2025-10-04T13:33:58.782+03:00 DEBUG 6131 --- [Your Application Name] [HikariPool-PostgreSQL:housekeeper] com.zaxxer.hikari.pool.HikariPool        : HikariPool-PostgreSQL - Before cleanup stats (total=5/10, idle=5/5, active=0, waiting=0)
2025-10-04T13:33:58.783+03:00 DEBUG 6131 --- [Your Application Name] [HikariPool-PostgreSQL:housekeeper] com.zaxxer.hikari.pool.HikariPool        : HikariPool-PostgreSQL - After  cleanup stats (total=5/10, idle=5/5, active=0, waiting=0)
2025-10-04T13:33:58.784+03:00 DEBUG 6131 --- [Your Application Name] [HikariPool-PostgreSQL:housekeeper] com.zaxxer.hikari.pool.HikariPool        : HikariPool-PostgreSQL - Fill pool skipped, pool has sufficient level or currently being filled.
2025-10-04T13:34:28.785+03:00 DEBUG 6131 --- [Your Application Name] [HikariPool-PostgreSQL:housekeeper] com.zaxxer.hikari.pool.HikariPool        : HikariPool-PostgreSQL - Before cleanup stats (total=5/10, idle=5/5, active=0, waiting=0)
2025-10-04T13:34:28.786+03:00 DEBUG 6131 --- [Your Application Name] [HikariPool-PostgreSQL:housekeeper] com.zaxxer.hikari.pool.HikariPool        : HikariPool-PostgreSQL - After  cleanup stats (total=5/10, idle=5/5, active=0, waiting=0)
2025-10-04T13:34:28.786+03:00 DEBUG 6131 --- [Your Application Name] [HikariPool-PostgreSQL:housekeeper] com.zaxxer.hikari.pool.HikariPool        : HikariPool-PostgreSQL - Fill pool skipped, pool has sufficient level or currently being filled.
2025-10-04T13:34:58.786+03:00 DEBUG 6131 --- [Your Application Name] [HikariPool-PostgreSQL:housekeeper] com.zaxxer.hikari.pool.HikariPool        : HikariPool-PostgreSQL - Before cleanup stats (total=5/10, idle=5/5, active=0, waiting=0)
2025-10-04T13:34:58.786+03:00 DEBUG 6131 --- [Your Application Name] [HikariPool-PostgreSQL:housekeeper] com.zaxxer.hikari.pool.HikariPool        : HikariPool-PostgreSQL - After  cleanup stats (total=5/10, idle=5/5, active=0, waiting=0)
2025-10-04T13:34:58.787+03:00 DEBUG 6131 --- [Your Application Name] [HikariPool-PostgreSQL:housekeeper] com.zaxxer.hikari.pool.HikariPool        : HikariPool-PostgreSQL - Fill pool skipped, pool has sufficient level or currently being filled.
2025-10-04T13:35:00.483+03:00  INFO 6131 --- [Your Application Name] [SpringApplicationShutdownHook] o.s.b.w.e.tomcat.GracefulShutdown        : Commencing graceful shutdown. Waiting for active requests to complete
2025-10-04T13:35:00.486+03:00  INFO 6131 --- [Your Application Name] [tomcat-shutdown] o.s.b.w.e.tomcat.GracefulShutdown        : Graceful shutdown complete
2025-10-04T13:35:00.490+03:00  INFO 6131 --- [Your Application Name] [SpringApplicationShutdownHook] j.LocalContainerEntityManagerFactoryBean : Closing JPA EntityManagerFactory for persistence unit 'default'
2025-10-04T13:35:00.493+03:00  INFO 6131 --- [Your Application Name] [SpringApplicationShutdownHook] com.zaxxer.hikari.HikariDataSource       : HikariPool-PostgreSQL - Shutdown initiated...
2025-10-04T13:35:00.493+03:00 DEBUG 6131 --- [Your Application Name] [SpringApplicationShutdownHook] com.zaxxer.hikari.pool.HikariPool        : HikariPool-PostgreSQL - Before shutdown stats (total=5/10, idle=5/5, active=0, waiting=0)
2025-10-04T13:35:00.494+03:00 DEBUG 6131 --- [Your Application Name] [HikariPool-PostgreSQL:connection-closer] com.zaxxer.hikari.pool.PoolBase          : HikariPool-PostgreSQL - Closing connection org.postgresql.jdbc.PgConnection@7cd1ec54: (connection evicted)
2025-10-04T13:35:00.497+03:00 DEBUG 6131 --- [Your Application Name] [HikariPool-PostgreSQL:connection-closer] com.zaxxer.hikari.pool.PoolBase          : HikariPool-PostgreSQL - Closing connection org.postgresql.jdbc.PgConnection@79bfb06c: (connection evicted)
2025-10-04T13:35:00.498+03:00 DEBUG 6131 --- [Your Application Name] [HikariPool-PostgreSQL:connection-closer] com.zaxxer.hikari.pool.PoolBase          : HikariPool-PostgreSQL - Closing connection org.postgresql.jdbc.PgConnection@7778412b: (connection evicted)
2025-10-04T13:35:00.498+03:00 DEBUG 6131 --- [Your Application Name] [HikariPool-PostgreSQL:connection-closer] com.zaxxer.hikari.pool.PoolBase          : HikariPool-PostgreSQL - Closing connection org.postgresql.jdbc.PgConnection@7347db1c: (connection evicted)
2025-10-04T13:35:00.499+03:00 DEBUG 6131 --- [Your Application Name] [HikariPool-PostgreSQL:connection-closer] com.zaxxer.hikari.pool.PoolBase          : HikariPool-PostgreSQL - Closing connection org.postgresql.jdbc.PgConnection@36454b10: (connection evicted)
2025-10-04T13:35:00.500+03:00 DEBUG 6131 --- [Your Application Name] [SpringApplicationShutdownHook] com.zaxxer.hikari.pool.HikariPool        : HikariPool-PostgreSQL - After  shutdown stats (total=0/10, idle=0/5, active=0, waiting=0)
2025-10-04T13:35:00.500+03:00  INFO 6131 --- [Your Application Name] [SpringApplicationShutdownHook] com.zaxxer.hikari.HikariDataSource       : HikariPool-PostgreSQL - Shutdown completed.
